<?xml version="1.0" encoding="UTF-8"?>
<!-- Generated by org.testng.reporters.JUnitReportReporter -->
<testsuite hostname="Limitless-Hunt" failures="0" tests="1" name="miscallenousactions.RightClick2" time="17.181" errors="0" timestamp="2025-09-03T20:39:12 IST" skipped="0">
  <testcase classname="miscallenousactions.RightClick2" name="rightClick" time="17.181"/>
</testsuite> <!-- miscallenousactions.RightClick2 -->
