<?xml version="1.0" encoding="UTF-8"?>
<!-- Generated by org.testng.reporters.JUnitReportReporter -->
<testsuite hostname="Limitless-Hunt" failures="0" tests="1" name="handlings.MultipleWindowHandle" time="19.565" errors="0" timestamp="2025-09-04T21:56:00 IST" skipped="0">
  <testcase classname="handlings.MultipleWindowHandle" name="multipeWindowHandleTest" time="19.565"/>
</testsuite> <!-- handlings.MultipleWindowHandle -->
