<?xml version="1.0" encoding="UTF-8"?>
<!-- Generated by org.testng.reporters.JUnitReportReporter -->
<testsuite hostname="Limitless-Hunt" failures="0" tests="1" name="miscallenousactions.RightClick" time="12.730" errors="0" timestamp="2025-09-03T20:37:14 IST" skipped="0">
  <testcase classname="miscallenousactions.RightClick" name="rightClick" time="12.730"/>
</testsuite> <!-- miscallenousactions.RightClick -->
