<?xml version="1.0" encoding="UTF-8"?>
<!-- Generated by org.testng.reporters.JUnitReportReporter -->
<testsuite hostname="Limitless-Hunt" failures="0" tests="1" name="Assignments.Assignment7AlertHandling" time="37.080" errors="0" timestamp="2025-09-09T10:42:12 IST" skipped="0">
  <testcase classname="Assignments.Assignment7AlertHandling" name="alertHandling" time="37.080"/>
</testsuite> <!-- Assignments.Assignment7AlertHandling -->
