<?xml version="1.0" encoding="UTF-8"?>
<!-- Generated by org.testng.reporters.JUnitReportReporter -->
<testsuite hostname="Limitless-Hunt" failures="0" tests="1" name="Assignments.Assignment6WindowHandling" time="57.556" errors="0" timestamp="2025-09-10T08:52:32 IST" skipped="0">
  <testcase classname="Assignments.Assignment6WindowHandling" name="alertHandling" time="57.556"/>
</testsuite> <!-- Assignments.Assignment6WindowHandling -->
