<?xml version="1.0" encoding="UTF-8"?>
<!-- Generated by org.testng.reporters.JUnitReportReporter -->
<testsuite hostname="Limitless-Hunt" failures="0" tests="1" name="miscallenousactions.MouseHover" time="20.932" errors="0" timestamp="2025-09-02T21:28:43 IST" skipped="0">
  <testcase classname="miscallenousactions.MouseHover" name="mouseHoverTest" time="20.932"/>
</testsuite> <!-- miscallenousactions.MouseHover -->
