<?xml version="1.0" encoding="UTF-8"?>
<!-- Generated by org.testng.reporters.JUnitReportReporter -->
<testsuite hostname="Limitless-Hunt" failures="0" tests="1" name="miscallenousactions.RightClick2" time="20.386" errors="0" timestamp="2025-09-10T13:53:22 IST" skipped="0">
  <testcase classname="miscallenousactions.RightClick2" name="rightClick" time="20.386"/>
</testsuite> <!-- miscallenousactions.RightClick2 -->
