<?xml version="1.0" encoding="UTF-8"?>
<!-- Generated by org.testng.reporters.JUnitReportReporter -->
<testsuite hostname="Limitless-Hunt" failures="0" tests="1" name="xpaths.RelativeXpath" time="7.577" errors="0" timestamp="2025-09-01T20:32:18 IST" skipped="0">
  <testcase classname="xpaths.RelativeXpath" name="loginTest" time="7.577"/>
</testsuite> <!-- xpaths.RelativeXpath -->
