<?xml version="1.0" encoding="UTF-8"?>
<!-- Generated by org.testng.reporters.JUnitReportReporter -->
<testsuite hostname="Limitless-Hunt" failures="0" tests="1" name="javascriptexecutorandscreenshot.JavascriptExecutorDemo2" time="13.103" errors="0" timestamp="2025-09-10T09:52:33 IST" skipped="0">
  <testcase classname="javascriptexecutorandscreenshot.JavascriptExecutorDemo2" name="scrollTest" time="13.103"/>
</testsuite> <!-- javascriptexecutorandscreenshot.JavascriptExecutorDemo2 -->
