<?xml version="1.0" encoding="UTF-8"?>
<!-- Generated by org.testng.reporters.JUnitReportReporter -->
<testsuite hostname="Limitless-Hunt" failures="0" tests="1" name="miscallenousactions.DragAndDrop" time="12.607" errors="0" timestamp="2025-09-02T21:26:46 IST" skipped="0">
  <testcase classname="miscallenousactions.DragAndDrop" name="mouseHoverTest" time="12.607"/>
</testsuite> <!-- miscallenousactions.DragAndDrop -->
