<?xml version="1.0" encoding="UTF-8"?>
<!-- Generated by org.testng.reporters.JUnitReportReporter -->
<testsuite hostname="Limitless-Hunt" failures="0" tests="1" name="miscallenousactions.Scrolling" time="15.876" errors="0" timestamp="2025-09-03T20:56:31 IST" skipped="0">
  <testcase classname="miscallenousactions.Scrolling" name="scrolling" time="15.876"/>
</testsuite> <!-- miscallenousactions.Scrolling -->
