<?xml version="1.0" encoding="UTF-8"?>
<!-- Generated by org.testng.reporters.JUnitReportReporter -->
<testsuite hostname="Limitless-Hunt" failures="0" tests="1" name="javascriptexecutorandscreenshot.Highlight2" time="33.797" errors="0" timestamp="2025-09-10T09:21:17 IST" skipped="0">
  <testcase classname="javascriptexecutorandscreenshot.Highlight2" name="alertHandlingTest" time="33.797"/>
</testsuite> <!-- javascriptexecutorandscreenshot.Highlight2 -->
