<?xml version="1.0" encoding="UTF-8"?>
<!-- Generated by org.testng.reporters.JUnitReportReporter -->
<testsuite hostname="Limitless-Hunt" failures="0" tests="1" name="miscallenousactions.Scrolling2" time="12.851" errors="0" timestamp="2025-09-03T20:57:46 IST" skipped="0">
  <testcase classname="miscallenousactions.Scrolling2" name="scrolling" time="12.851"/>
</testsuite> <!-- miscallenousactions.Scrolling2 -->
