<?xml version="1.0" encoding="UTF-8"?>
<!-- Generated by org.testng.reporters.JUnitReportReporter -->
<testsuite hostname="Limitless-Hunt" failures="0" tests="1" name="xpaths.RelativeXpath3" time="6.605" errors="0" timestamp="2025-09-02T15:23:54 IST" skipped="0">
  <testcase classname="xpaths.RelativeXpath3" name="loginTest" time="6.605"/>
</testsuite> <!-- xpaths.RelativeXpath3 -->
