<?xml version="1.0" encoding="UTF-8"?>
<!-- Generated by org.testng.reporters.JUnitReportReporter -->
<testsuite hostname="Limitless-Hunt" failures="0" tests="1" name="testng.TestNGDemo1" time="0.008" errors="0" timestamp="2025-08-29T20:18:20 IST" skipped="0">
  <testcase classname="testng.TestNGDemo1" name="helloWorld" time="0.008"/>
</testsuite> <!-- testng.TestNGDemo1 -->
