<?xml version="1.0" encoding="UTF-8"?>
<!-- Generated by org.testng.reporters.JUnitReportReporter -->
<testsuite hostname="Limitless-Hunt" failures="0" tests="1" name="Assignments.Assignment4DragDrop2" time="23.784" errors="0" timestamp="2025-09-04T21:50:40 IST" skipped="0">
  <testcase classname="Assignments.Assignment4DragDrop2" name="dragAndDrop" time="23.784"/>
</testsuite> <!-- Assignments.Assignment4DragDrop2 -->
