<?xml version="1.0" encoding="UTF-8"?>
<!-- Generated by org.testng.reporters.JUnitReportReporter -->
<testsuite hostname="Limitless-Hunt" failures="0" tests="4" name="testng.AdactinHotelApp2" time="0.025" errors="0" timestamp="2025-08-29T21:25:30 IST" skipped="0">
  <testcase classname="testng.AdactinHotelApp2" name="RegistrationTest" time="0.008"/>
  <testcase classname="testng.AdactinHotelApp2" name="loginTest" time="0.006"/>
  <testcase classname="testng.AdactinHotelApp2" name="ForgotPasswordTest" time="0.008"/>
  <testcase classname="testng.AdactinHotelApp2" name="ChangePasswordTest" time="0.003"/>
</testsuite> <!-- testng.AdactinHotelApp2 -->
