<?xml version="1.0" encoding="UTF-8"?>
<!-- Generated by org.testng.reporters.JUnitReportReporter -->
<testsuite hostname="Limitless-Hunt" failures="0" tests="1" name="javascriptexecutorandscreenshot.JavascriptExecutorDemo1" time="14.256" errors="0" timestamp="2025-09-10T09:48:59 IST" skipped="0">
  <testcase classname="javascriptexecutorandscreenshot.JavascriptExecutorDemo1" name="scrollTest" time="14.256"/>
</testsuite> <!-- javascriptexecutorandscreenshot.JavascriptExecutorDemo1 -->
