<?xml version="1.0" encoding="UTF-8"?>
<!-- Generated by org.testng.reporters.JUnitReportReporter -->
<testsuite hostname="Limitless-Hunt" failures="0" tests="1" name="xpaths.PracticeXpath" time="80.657" errors="0" timestamp="2025-09-02T17:34:06 IST" skipped="0">
  <testcase classname="xpaths.PracticeXpath" name="loginTest" time="80.657"/>
</testsuite> <!-- xpaths.PracticeXpath -->
