<?xml version="1.0" encoding="UTF-8"?>
<!-- Generated by org.testng.reporters.JUnitReportReporter -->
<testsuite hostname="Limitless-Hunt" failures="0" tests="1" name="handlings.FrameHandling2" time="53.838" errors="0" timestamp="2025-09-05T21:18:38 IST" skipped="0">
  <testcase classname="handlings.FrameHandling2" name="frameHandling" time="53.838"/>
</testsuite> <!-- handlings.FrameHandling2 -->
