<?xml version="1.0" encoding="UTF-8"?>
<!-- Generated by org.testng.reporters.JUnitReportReporter -->
<testsuite hostname="Limitless-Hunt" failures="0" tests="1" name="Assignments.Assignment3" time="22.770" errors="0" timestamp="2025-09-04T21:25:05 IST" skipped="0">
  <testcase classname="Assignments.Assignment3" name="mouseOver" time="22.770"/>
</testsuite> <!-- Assignments.Assignment3 -->
