<?xml version="1.0" encoding="UTF-8"?>
<!-- Generated by org.testng.reporters.JUnitReportReporter -->
<testsuite hostname="Limitless-Hunt" failures="0" tests="1" name="miscallenousactions.Scrolling3" time="20.224" errors="0" timestamp="2025-09-04T15:09:40 IST" skipped="0">
  <testcase classname="miscallenousactions.Scrolling3" name="scrolling" time="20.224"/>
</testsuite> <!-- miscallenousactions.Scrolling3 -->
