<?xml version="1.0" encoding="UTF-8"?>
<!-- Generated by org.testng.reporters.JUnitReportReporter -->
<testsuite hostname="Limitless-Hunt" failures="0" tests="1" name="javascriptexecutorandscreenshot.JavascriptExecutorDemo1" time="11.615" errors="0" timestamp="2025-09-09T20:46:12 IST" skipped="0">
  <testcase classname="javascriptexecutorandscreenshot.JavascriptExecutorDemo1" name="scrollTest" time="11.615"/>
</testsuite> <!-- javascriptexecutorandscreenshot.JavascriptExecutorDemo1 -->
