<?xml version="1.0" encoding="UTF-8"?>
<!-- Generated by org.testng.reporters.JUnitReportReporter -->
<testsuite hostname="Limitless-Hunt" failures="0" tests="1" name="handlings.MultipleWindowHandle4" time="31.184" errors="0" timestamp="2025-09-05T20:16:03 IST" skipped="0">
  <testcase classname="handlings.MultipleWindowHandle4" name="multipeWindowHandleTest" time="31.184"/>
</testsuite> <!-- handlings.MultipleWindowHandle4 -->
