<?xml version="1.0" encoding="UTF-8"?>
<!-- Generated by org.testng.reporters.JUnitReportReporter -->
<testsuite hostname="Limitless-Hunt" failures="0" tests="1" name="javascriptexecutorandscreenshot.Highlight1" time="41.099" errors="0" timestamp="2025-09-10T09:20:04 IST" skipped="0">
  <testcase classname="javascriptexecutorandscreenshot.Highlight1" name="alertHandlingTest" time="41.099"/>
</testsuite> <!-- javascriptexecutorandscreenshot.Highlight1 -->
