<?xml version="1.0" encoding="UTF-8"?>
<!-- Generated by org.testng.reporters.JUnitReportReporter -->
<testsuite hostname="Limitless-Hunt" failures="0" tests="1" name="handlings.AlertHandling" time="29.023" errors="0" timestamp="2025-09-08T20:42:18 IST" skipped="0">
  <testcase classname="handlings.AlertHandling" name="alertHandlingTest" time="29.023"/>
</testsuite> <!-- handlings.AlertHandling -->
