<?xml version="1.0" encoding="UTF-8"?>
<!-- Generated by org.testng.reporters.JUnitReportReporter -->
<testsuite hostname="Limitless-Hunt" failures="0" tests="1" name="Assignments.Assignment5DoubleClick" time="100.042" errors="0" timestamp="2025-09-05T19:51:38 IST" skipped="0">
  <testcase classname="Assignments.Assignment5DoubleClick" name="doubleClick" time="100.042"/>
</testsuite> <!-- Assignments.Assignment5DoubleClick -->
