<?xml version="1.0" encoding="UTF-8"?>
<!-- Generated by org.testng.reporters.JUnitReportReporter -->
<testsuite hostname="Limitless-Hunt" failures="0" tests="1" name="javascriptexecutorandscreenshot.JsScriptClick" time="14.388" errors="0" timestamp="2025-09-10T11:46:22 IST" skipped="0">
  <testcase classname="javascriptexecutorandscreenshot.JsScriptClick" name="JsClick" time="14.388"/>
</testsuite> <!-- javascriptexecutorandscreenshot.JsScriptClick -->
