<?xml version="1.0" encoding="UTF-8"?>
<!-- Generated by org.testng.reporters.JUnitReportReporter -->
<testsuite hostname="Limitless-Hunt" failures="0" tests="1" name="javascriptexecutorandscreenshot.ScreenshotDemo1" time="16.489" errors="0" timestamp="2025-09-10T11:56:24 IST" skipped="0">
  <testcase classname="javascriptexecutorandscreenshot.ScreenshotDemo1" name="screenshotDemo" time="16.489"/>
</testsuite> <!-- javascriptexecutorandscreenshot.ScreenshotDemo1 -->
