<?xml version="1.0" encoding="UTF-8"?>
<!-- Generated by org.testng.reporters.JUnitReportReporter -->
<testsuite hostname="Limitless-Hunt" failures="0" tests="8" name="testng.Login" time="0.017" errors="0" timestamp="2025-08-29T20:24:48 IST" skipped="0">
  <testcase classname="testng.Login" name="InvalidUsernamAndInvalidPassword" time="0.007"/>
  <testcase classname="testng.Login" name="validUsernamAndInvalidPassword" time="0.002"/>
  <testcase classname="testng.Login" name="validUsernamAndValidPassword" time="0.002"/>
  <testcase classname="testng.Login" name="InvalidUsernamAndalidPassword" time="0.001"/>
  <testcase classname="testng.Login" name="onlyUsernameEmpty" time="0.002"/>
  <testcase classname="testng.Login" name="onlyPasswordEmpty" time="0.001"/>
  <testcase classname="testng.Login" name="pendingEmailVerification" time="0.001"/>
  <testcase classname="testng.Login" name="emptyUsernamAndEmptyPassword" time="0.001"/>
</testsuite> <!-- testng.Login -->
